<?xml version="1.0" encoding="UTF-8"?>
<!-- Generated by org.testng.reporters.JUnitReportReporter -->
<testsuite hostname="Pandurang-LAPTOP" failures="0" tests="1" name="runner.TestRunner" time="3.079" errors="0" timestamp="2024-06-22T12:31:38 IST" skipped="0">
  <testcase classname="runner.TestRunner" name="runScenario" time="3.079"/>
  <system-out/>
</testsuite> <!-- runner.TestRunner -->
